  **BMS-DEV**		 Mon Jun 25 22:11:04 2018
	 Mon Jun 25 22:12:11 2018
  ADMIN-0AC3		 Mon Jun 25 22:12:21 2018
	 Mon Jun 25 22:12:35 2018
  **BMS-DEV**		 Mon Jun 25 22:12:48 2018
	 Mon Jun 25 22:13:25 2018
  ADMIN-0AC3		 Mon Jun 25 22:13:42 2018
	 Mon Jun 25 22:14:39 2018
  **BMS-DEV**		 Mon Jun 25 22:23:19 2018
	 Mon Jun 25 22:24:22 2018
  **BMS-DEV**		 Mon Jun 25 22:25:02 2018
	 Mon Jun 25 22:25:27 2018
  **BMS-DEV**		 Mon Jun 25 23:15:41 2018
	 Tue Jun 26 01:00:35 2018
  ADMIN-0486		 Tue Jun 26 01:00:59 2018
	 Tue Jun 26 01:01:02 2018
  ADMIN-062C		 Tue Jun 26 01:01:12 2018
	 Tue Jun 26 01:01:22 2018
  STAFF-07H2		 Tue Jun 26 01:01:40 2018
	 Tue Jun 26 01:09:42 2018
  STAFF-09A3		 Tue Jun 26 01:10:07 2018
	 Tue Jun 26 01:11:31 2018
  CUS-4402		 Tue Jun 26 01:14:35 2018
	 Tue Jun 26 01:18:38 2018
  STAFF-0B05		 Tue Jun 26 01:20:22 2018
	 Tue Jun 26 01:20:58 2018
  CUS-4402		 Tue Jun 26 01:21:06 2018
	 Tue Jun 26 01:22:17 2018
  STAFF-0B05		 Tue Jun 26 01:22:27 2018
	 Tue Jun 26 01:24:28 2018
  CUS-4402		 Tue Jun 26 01:24:40 2018
	 Tue Jun 26 01:25:33 2018
  ADMIN-0486		 Tue Jun 26 01:32:47 2018
	 Tue Jun 26 01:34:20 2018
